<?xml version="1.0" encoding="UTF-8"?>
<testng-results ignored="0" total="3" passed="3" failed="0" skipped="0">
  <reporter-output>
  </reporter-output>
  <suite started-at="2022-10-28T16:34:04 IST" name="Suite1" finished-at="2022-10-28T16:35:35 IST" duration-ms="91977">
    <groups>
    </groups>
    <test started-at="2022-10-28T16:34:04 IST" name="Test1" finished-at="2022-10-28T16:35:35 IST" duration-ms="91977">
      <class name="Actitime.HomepageD2">
        <test-method is-config="true" signature="Openbrowser()[pri:0, instance:Actitime.HomepageD2@32ee6fee]" started-at="2022-10-28T16:34:04 IST" name="Openbrowser" finished-at="2022-10-28T16:34:06 IST" duration-ms="2934" status="PASS">
          <reporter-output>
          </reporter-output>
        </test-method> <!-- Openbrowser -->
        <test-method is-config="true" signature="login()[pri:0, instance:Actitime.HomepageD2@32ee6fee]" started-at="2022-10-28T16:35:09 IST" name="login" finished-at="2022-10-28T16:35:21 IST" duration-ms="11459" status="PASS">
          <reporter-output>
          </reporter-output>
        </test-method> <!-- login -->
        <test-method signature="user()[pri:0, instance:Actitime.HomepageD2@32ee6fee]" started-at="2022-10-28T16:35:21 IST" name="user" finished-at="2022-10-28T16:35:31 IST" duration-ms="10163" status="PASS">
          <reporter-output>
          </reporter-output>
        </test-method> <!-- user -->
        <test-method is-config="true" signature="logout()[pri:0, instance:Actitime.HomepageD2@32ee6fee]" started-at="2022-10-28T16:35:31 IST" name="logout" finished-at="2022-10-28T16:35:33 IST" duration-ms="2349" status="PASS">
          <reporter-output>
          </reporter-output>
        </test-method> <!-- logout -->
        <test-method is-config="true" signature="closebrowser()[pri:0, instance:Actitime.HomepageD2@32ee6fee]" started-at="2022-10-28T16:35:33 IST" name="closebrowser" finished-at="2022-10-28T16:35:35 IST" duration-ms="2157" status="PASS">
          <reporter-output>
          </reporter-output>
        </test-method> <!-- closebrowser -->
      </class> <!-- Actitime.HomepageD2 -->
      <class name="Actitime.loginD1">
        <test-method is-config="true" signature="Openbrowser()[pri:0, instance:Actitime.loginD1@69997e9d]" started-at="2022-10-28T16:34:06 IST" name="Openbrowser" finished-at="2022-10-28T16:34:08 IST" duration-ms="1098" status="PASS">
          <reporter-output>
          </reporter-output>
        </test-method> <!-- Openbrowser -->
        <test-method signature="loginadmini()[pri:1, instance:Actitime.loginD1@69997e9d]" started-at="2022-10-28T16:34:08 IST" name="loginadmini" finished-at="2022-10-28T16:34:36 IST" duration-ms="28910" status="PASS">
          <reporter-output>
          </reporter-output>
        </test-method> <!-- loginadmini -->
        <test-method is-config="true" signature="closebrowser()[pri:0, instance:Actitime.loginD1@69997e9d]" started-at="2022-10-28T16:34:36 IST" name="closebrowser" finished-at="2022-10-28T16:34:39 IST" duration-ms="2225" status="PASS">
          <reporter-output>
          </reporter-output>
        </test-method> <!-- closebrowser -->
        <test-method is-config="true" signature="Openbrowser()[pri:0, instance:Actitime.loginD1@69997e9d]" started-at="2022-10-28T16:34:39 IST" name="Openbrowser" finished-at="2022-10-28T16:34:40 IST" duration-ms="956" status="PASS">
          <reporter-output>
          </reporter-output>
        </test-method> <!-- Openbrowser -->
        <test-method signature="loginregular()[pri:2, instance:Actitime.loginD1@69997e9d]" started-at="2022-10-28T16:34:40 IST" name="loginregular" finished-at="2022-10-28T16:35:07 IST" duration-ms="27565" status="PASS">
          <reporter-output>
          </reporter-output>
        </test-method> <!-- loginregular -->
        <test-method is-config="true" signature="closebrowser()[pri:0, instance:Actitime.loginD1@69997e9d]" started-at="2022-10-28T16:35:07 IST" name="closebrowser" finished-at="2022-10-28T16:35:09 IST" duration-ms="2130" status="PASS">
          <reporter-output>
          </reporter-output>
        </test-method> <!-- closebrowser -->
      </class> <!-- Actitime.loginD1 -->
    </test> <!-- Test1 -->
  </suite> <!-- Suite1 -->
</testng-results>
