<?xml version="1.0" encoding="UTF-8"?>
<!-- Generated by org.testng.reporters.JUnitXMLReporter -->
<testsuite ignored="0" hostname="LAPTOP-3IBN8888" failures="0" tests="3" name="Test1" time="132.304" errors="0" timestamp="2022-10-27T19:01:49 IST">
  <testcase classname="Actitime.loginD1" name="loginadmini" time="17.514"/>
  <testcase classname="Actitime.loginD1" name="loginregular" time="50.729"/>
  <testcase classname="Actitime.HomepageD2" name="user" time="14.468"/>
</testsuite> <!-- Test1 -->
