<?xml version="1.0" encoding="UTF-8"?>
<!-- Generated by org.testng.reporters.JUnitXMLReporter -->
<testsuite ignored="0" hostname="LAPTOP-3IBN8888" failures="0" tests="3" name="Test1" time="118.218" errors="0" timestamp="2022-12-01T00:19:42 IST">
  <testcase classname="Actitime.loginD1" name="loginadmini" time="32.025"/>
  <testcase classname="Actitime.loginD1" name="loginregular" time="43.941"/>
  <testcase classname="Actitime.HomepageD2" name="user" time="11.918"/>
</testsuite> <!-- Test1 -->
